<?xml version="1.0" encoding="UTF-8"?>
<!-- Generated by org.testng.reporters.JUnitReportReporter -->
<testsuite hostname="DESKTOP-R3O90SV" failures="0" tests="5" name="Worldline_Level_3.Task.IndigoFlightSearch" time="31.046" errors="0" timestamp="2024-03-18T21:17:55 IST" skipped="0">
  <testcase classname="Worldline_Level_3.Task.IndigoFlightSearch" name="modifyPassengerCount" time="6.777"/>
  <testcase classname="Worldline_Level_3.Task.IndigoFlightSearch" name="openIndigoWebsite" time="6.198"/>
  <testcase classname="Worldline_Level_3.Task.IndigoFlightSearch" name="searchFlight" time="16.167"/>
  <testcase classname="Worldline_Level_3.Task.IndigoFlightSearch" name="closeAdvertisement" time="0.674"/>
  <testcase classname="Worldline_Level_3.Task.IndigoFlightSearch" name="displayAvailableFlights" time="1.230"/>
</testsuite> <!-- Worldline_Level_3.Task.IndigoFlightSearch -->
